Using pre-set license
Built from '2022.3/staging' branch; Version is '2022.3.19f1 (244b723c30a6) revision 2378610'; Using compiler version '192829333'; Build Type 'Release'
OS: 'Windows 11  (10.0.22631) 64bit Core' Language: 'en' Physical Memory: 65309 MB
BatchMode: 1, IsHumanControllingUs: 0, StartBugReporterOnCrash: 0, Is64bit: 1, IsPro: 1

COMMAND LINE ARGUMENTS:
C:\Program Files\Unity\Hub\Editor\2022.3.19f1\Editor\Unity.exe
-adb2
-batchMode
-noUpm
-name
AssetImportWorker2
-projectPath
C:/Users/ashty/Documents/GitHub/FantasyHarvest/Fantasy Harvest
-logFile
Logs/AssetImportWorker2.log
-srvPort
54860
Successfully changed project path to: C:/Users/ashty/Documents/GitHub/FantasyHarvest/Fantasy Harvest
C:/Users/ashty/Documents/GitHub/FantasyHarvest/Fantasy Harvest
[UnityMemory] Configuration Parameters - Can be set up in boot.config
    "memorysetup-bucket-allocator-granularity=16"
    "memorysetup-bucket-allocator-bucket-count=8"
    "memorysetup-bucket-allocator-block-size=33554432"
    "memorysetup-bucket-allocator-block-count=8"
    "memorysetup-main-allocator-block-size=16777216"
    "memorysetup-thread-allocator-block-size=16777216"
    "memorysetup-gfx-main-allocator-block-size=16777216"
    "memorysetup-gfx-thread-allocator-block-size=16777216"
    "memorysetup-cache-allocator-block-size=4194304"
    "memorysetup-typetree-allocator-block-size=2097152"
    "memorysetup-profiler-bucket-allocator-granularity=16"
    "memorysetup-profiler-bucket-allocator-bucket-count=8"
    "memorysetup-profiler-bucket-allocator-block-size=33554432"
    "memorysetup-profiler-bucket-allocator-block-count=8"
    "memorysetup-profiler-allocator-block-size=16777216"
    "memorysetup-profiler-editor-allocator-block-size=1048576"
    "memorysetup-temp-allocator-size-main=16777216"
    "memorysetup-job-temp-allocator-block-size=2097152"
    "memorysetup-job-temp-allocator-block-size-background=1048576"
    "memorysetup-job-temp-allocator-reduction-small-platforms=262144"
    "memorysetup-allocator-temp-initial-block-size-main=262144"
    "memorysetup-allocator-temp-initial-block-size-worker=262144"
    "memorysetup-temp-allocator-size-background-worker=32768"
    "memorysetup-temp-allocator-size-job-worker=262144"
    "memorysetup-temp-allocator-size-preload-manager=33554432"
    "memorysetup-temp-allocator-size-nav-mesh-worker=65536"
    "memorysetup-temp-allocator-size-audio-worker=65536"
    "memorysetup-temp-allocator-size-cloud-worker=32768"
    "memorysetup-temp-allocator-size-gi-baking-worker=262144"
    "memorysetup-temp-allocator-size-gfx=262144"
Player connection [2892] Host "[IP] 192.168.1.146 [Port] 0 [Flags] 2 [Guid] 469042037 [EditorId] 469042037 [Version] 1048832 [Id] WindowsEditor(7,Computer) [Debug] 1 [PackageName] WindowsEditor [ProjectName] Editor" joined multi-casting on [225.0.0.222:54997]...

Player connection [2892] Host "[IP] 192.168.1.146 [Port] 0 [Flags] 2 [Guid] 469042037 [EditorId] 469042037 [Version] 1048832 [Id] WindowsEditor(7,Computer) [Debug] 1 [PackageName] WindowsEditor [ProjectName] Editor" joined alternative multi-casting on [225.0.0.222:34997]...

[Physics::Module] Initialized MultithreadedJobDispatcher with 23 workers.
Refreshing native plugins compatible for Editor in 5.14 ms, found 3 plugins.
Preloading 0 native plugins for Editor in 0.00 ms.
Initialize engine version: 2022.3.19f1 (244b723c30a6)
[Subsystems] Discovering subsystems at path C:/Program Files/Unity/Hub/Editor/2022.3.19f1/Editor/Data/Resources/UnitySubsystems
[Subsystems] Discovering subsystems at path C:/Users/ashty/Documents/GitHub/FantasyHarvest/Fantasy Harvest/Assets
GfxDevice: creating device client; threaded=0; jobified=0
Direct3D:
    Version:  Direct3D 11.0 [level 11.1]
    Renderer: NVIDIA GeForce RTX 3070 Ti (ID=0x2482)
    Vendor:   NVIDIA
    VRAM:     8018 MB
    Driver:   32.0.15.5585
Initialize mono
Mono path[0] = 'C:/Program Files/Unity/Hub/Editor/2022.3.19f1/Editor/Data/Managed'
Mono path[1] = 'C:/Program Files/Unity/Hub/Editor/2022.3.19f1/Editor/Data/MonoBleedingEdge/lib/mono/unityjit-win32'
Mono config path = 'C:/Program Files/Unity/Hub/Editor/2022.3.19f1/Editor/Data/MonoBleedingEdge/etc'
Using monoOptions --debugger-agent=transport=dt_socket,embedding=1,server=y,suspend=n,address=127.0.0.1:56452
Begin MonoManager ReloadAssembly
Registering precompiled unity dll's ...
Register platform support module: C:/Program Files/Unity/Hub/Editor/2022.3.19f1/Editor/Data/PlaybackEngines/WebGLSupport/UnityEditor.WebGL.Extensions.dll
Register platform support module: C:/Program Files/Unity/Hub/Editor/2022.3.19f1/Editor/Data/PlaybackEngines/WindowsStandaloneSupport/UnityEditor.WindowsStandalone.Extensions.dll
Registered in 0.004155 seconds.
- Loaded All Assemblies, in  0.231 seconds
Native extension for WindowsStandalone target not found
Native extension for WebGL target not found
Mono: successfully reloaded assembly
- Finished resetting the current domain, in  0.182 seconds
Domain Reload Profiling: 412ms
	BeginReloadAssembly (73ms)
		ExecutionOrderSort (0ms)
		DisableScriptedObjects (0ms)
		BackupInstance (0ms)
		ReleaseScriptingObjects (0ms)
		CreateAndSetChildDomain (1ms)
	RebuildCommonClasses (22ms)
	RebuildNativeTypeToScriptingClass (7ms)
	initialDomainReloadingComplete (38ms)
	LoadAllAssembliesAndSetupDomain (90ms)
		LoadAssemblies (71ms)
		RebuildTransferFunctionScriptingTraits (0ms)
		AnalyzeDomain (89ms)
			TypeCache.Refresh (87ms)
				TypeCache.ScanAssembly (77ms)
			ScanForSourceGeneratedMonoScriptInfo (1ms)
			ResolveRequiredComponents (0ms)
	FinalizeReload (182ms)
		ReleaseScriptCaches (0ms)
		RebuildScriptCaches (0ms)
		SetupLoadedEditorAssemblies (144ms)
			LogAssemblyErrors (0ms)
			InitializePlatformSupportModulesInManaged (7ms)
			SetLoadedEditorAssemblies (4ms)
			RefreshPlugins (0ms)
			BeforeProcessingInitializeOnLoad (1ms)
			ProcessInitializeOnLoadAttributes (100ms)
			ProcessInitializeOnLoadMethodAttributes (32ms)
			AfterProcessingInitializeOnLoad (0ms)
			EditorAssembliesLoaded (0ms)
		ExecutionOrderSort2 (0ms)
		AwakeInstancesAfterBackupRestoration (0ms)
========================================================================
Worker process is ready to serve import requests
Begin MonoManager ReloadAssembly
- Loaded All Assemblies, in  0.426 seconds
Refreshing native plugins compatible for Editor in 1.72 ms, found 3 plugins.
Native extension for WindowsStandalone target not found
Native extension for WebGL target not found
Package Manager log level set to [2]
[Package Manager] Server::EnsureServerProcessIsRunning -- launch failed, reason: Unity was launched with the -noUpm command-line argument
[Package Manager] UpmClient::Send -- Unable to send message (not connected to UPM process).
[Package Manager] Cannot connect to Unity Package Manager local server
Mono: successfully reloaded assembly
- Finished resetting the current domain, in  0.368 seconds
Domain Reload Profiling: 793ms
	BeginReloadAssembly (101ms)
		ExecutionOrderSort (0ms)
		DisableScriptedObjects (4ms)
		BackupInstance (0ms)
		ReleaseScriptingObjects (0ms)
		CreateAndSetChildDomain (14ms)
	RebuildCommonClasses (21ms)
	RebuildNativeTypeToScriptingClass (6ms)
	initialDomainReloadingComplete (30ms)
	LoadAllAssembliesAndSetupDomain (268ms)
		LoadAssemblies (208ms)
		RebuildTransferFunctionScriptingTraits (0ms)
		AnalyzeDomain (119ms)
			TypeCache.Refresh (105ms)
				TypeCache.ScanAssembly (94ms)
			ScanForSourceGeneratedMonoScriptInfo (10ms)
			ResolveRequiredComponents (2ms)
	FinalizeReload (368ms)
		ReleaseScriptCaches (0ms)
		RebuildScriptCaches (0ms)
		SetupLoadedEditorAssemblies (275ms)
			LogAssemblyErrors (0ms)
			InitializePlatformSupportModulesInManaged (6ms)
			SetLoadedEditorAssemblies (2ms)
			RefreshPlugins (0ms)
			BeforeProcessingInitializeOnLoad (38ms)
			ProcessInitializeOnLoadAttributes (213ms)
			ProcessInitializeOnLoadMethodAttributes (13ms)
			AfterProcessingInitializeOnLoad (3ms)
			EditorAssembliesLoaded (0ms)
		ExecutionOrderSort2 (0ms)
		AwakeInstancesAfterBackupRestoration (4ms)
Launched and connected shader compiler UnityShaderCompiler.exe after 0.03 seconds
Refreshing native plugins compatible for Editor in 1.59 ms, found 3 plugins.
Preloading 0 native plugins for Editor in 0.00 ms.
Unloading 3127 Unused Serialized files (Serialized files now loaded: 0)
Unloading 32 unused Assets / (57.0 KB). Loaded Objects now: 3590.
Memory consumption went from 124.3 MB to 124.2 MB.
Total: 2.636000 ms (FindLiveObjects: 0.196800 ms CreateObjectMapping: 0.060100 ms MarkObjects: 2.286400 ms  DeleteObjects: 0.091500 ms)

AssetImportParameters requested are different than current active one (requested -> active):
  custom:container-demuxer-ogg: 62fdf1f143b41e24485cea50d1cbac27 -> 
  custom:video-codec-MediaFoundation-h265: 746d11721c4dcdbdad8f713fa42b33f4 -> 
  custom:video-decoder-ogg-theora: a1e56fd34408186e4bbccfd4996cb3dc -> 
  custom:framework-win-MediaFoundation: 216162199b28c13a410421893ffa2e32 -> 
  custom:CustomObjectIndexerAttribute: 6d391050e5a25f67b0a2c618074f2cd9 -> 
  custom:container-demuxer-webm: 4f35f7cbe854078d1ac9338744f61a02 -> 
  custom:container-muxer-webm: aa71ff27fc2769a1b78a27578f13a17b -> 
  custom:video-decoder-webm-vp8: 9c59270c3fd7afecdb556c50c9e8de78 -> 
  custom:SearchIndexIgnoredProperties: e643bd26f0fe6173181afceb89e7c659 -> 
  custom:AudioImporter_EditorPlatform: d09bf68614088b80899f8185d706f6e7 -> 
  custom:video-encoder-webm-vp8: eb34c28f22e8b96e1ab97ce403110664 -> 
  custom:audio-decoder-ogg-vorbis: bf7c407c2cedff20999df2af8eb42d56 -> 
  custom:audio-encoder-webm-vorbis: bf7c407c2cedff20999df2af8eb42d56 -> 
========================================================================
Received Import Request.
  Time since last request: 852568.635930 seconds.
  path: Assets/Unity Store Downloads/RPGPP_LT
  artifactKey: Guid(51d36c73f24eac14587b0bb645adab85) Importer(815301076,1909f56bfc062723c751e8b465ee728b)
Start importing Assets/Unity Store Downloads/RPGPP_LT using Guid(51d36c73f24eac14587b0bb645adab85) Importer(815301076,1909f56bfc062723c751e8b465ee728b)  -> (artifact id: '48fe17b20df35b37c207c12d9bcc089f') in 0.002095 seconds
Number of updated asset objects reloaded before import = 0
Number of asset objects unloaded after import = 0
========================================================================
Received Import Request.
  Time since last request: 2.653172 seconds.
  path: Assets/Unity Store Downloads/RPGPP_LT/Prefabs
  artifactKey: Guid(5418b837466e9e540a4c9142c8646667) Importer(815301076,1909f56bfc062723c751e8b465ee728b)
Start importing Assets/Unity Store Downloads/RPGPP_LT/Prefabs using Guid(5418b837466e9e540a4c9142c8646667) Importer(815301076,1909f56bfc062723c751e8b465ee728b)  -> (artifact id: '6bdffe9dbe1800ea592033332c2ba441') in 0.000396 seconds
Number of updated asset objects reloaded before import = 0
Number of asset objects unloaded after import = 0
========================================================================
Received Import Request.
  Time since last request: 1.136484 seconds.
  path: Assets/Unity Store Downloads/RPGPP_LT/Prefabs/Props
  artifactKey: Guid(4074df064ec1ac341a3d1ad54cefc56a) Importer(815301076,1909f56bfc062723c751e8b465ee728b)
Start importing Assets/Unity Store Downloads/RPGPP_LT/Prefabs/Props using Guid(4074df064ec1ac341a3d1ad54cefc56a) Importer(815301076,1909f56bfc062723c751e8b465ee728b)  -> (artifact id: '6dc387bb87181100640d813827dd97f4') in 0.000489 seconds
Number of updated asset objects reloaded before import = 0
Number of asset objects unloaded after import = 0
========================================================================
Received Import Request.
  Time since last request: 6.143296 seconds.
  path: Assets/Unity Store Downloads/RPGPP_LT/Prefabs/Props/Wood
  artifactKey: Guid(02e35356e96446740bb0b519e7fd9289) Importer(815301076,1909f56bfc062723c751e8b465ee728b)
Start importing Assets/Unity Store Downloads/RPGPP_LT/Prefabs/Props/Wood using Guid(02e35356e96446740bb0b519e7fd9289) Importer(815301076,1909f56bfc062723c751e8b465ee728b)  -> (artifact id: '30f3b73cbed944164ddddc5415a9add5') in 0.000387 seconds
Number of updated asset objects reloaded before import = 0
Number of asset objects unloaded after import = 0
========================================================================
Received Import Request.
  Time since last request: 0.079914 seconds.
  path: Assets/Unity Store Downloads/RPGPP_LT/Prefabs/Props/Wood/rpgpp_lt_log_wood_01.prefab
  artifactKey: Guid(bbb972e8372282f4093c9484693385fd) Importer(815301076,1909f56bfc062723c751e8b465ee728b)
Start importing Assets/Unity Store Downloads/RPGPP_LT/Prefabs/Props/Wood/rpgpp_lt_log_wood_01.prefab using Guid(bbb972e8372282f4093c9484693385fd) Importer(815301076,1909f56bfc062723c751e8b465ee728b)  -> (artifact id: '3dc56c3afb18921ead8e7df70492b9a3') in 0.098884 seconds
Number of updated asset objects reloaded before import = 0
Number of asset objects unloaded after import = 9
========================================================================
Received Import Request.
  Time since last request: 7.214425 seconds.
  path: Assets/Unity Store Downloads/RPGPP_LT/Prefabs/Structures
  artifactKey: Guid(89fac321af2bad14eb25a5915717f85a) Importer(815301076,1909f56bfc062723c751e8b465ee728b)
Start importing Assets/Unity Store Downloads/RPGPP_LT/Prefabs/Structures using Guid(89fac321af2bad14eb25a5915717f85a) Importer(815301076,1909f56bfc062723c751e8b465ee728b)  -> (artifact id: '80252fe65e61255c368a91e723bf1e0e') in 0.000457 seconds
Number of updated asset objects reloaded before import = 0
Number of asset objects unloaded after import = 0
========================================================================
Received Import Request.
  Time since last request: 0.968661 seconds.
  path: Assets/Unity Store Downloads/RPGPP_LT/Prefabs/Structures/Buildings
  artifactKey: Guid(40dd8cc9b6443a34fb7dd3c39d08074e) Importer(815301076,1909f56bfc062723c751e8b465ee728b)
Start importing Assets/Unity Store Downloads/RPGPP_LT/Prefabs/Structures/Buildings using Guid(40dd8cc9b6443a34fb7dd3c39d08074e) Importer(815301076,1909f56bfc062723c751e8b465ee728b)  -> (artifact id: 'be1610a43d1ad0e4c6392189025ed366') in 0.000365 seconds
Number of updated asset objects reloaded before import = 0
Number of asset objects unloaded after import = 0
========================================================================
Received Import Request.
  Time since last request: 0.649569 seconds.
  path: Assets/Unity Store Downloads/RPGPP_LT/Prefabs/Structures/Buildings/Bld_closed
  artifactKey: Guid(361af5be93a94d047835c7a3fc2e0f08) Importer(815301076,1909f56bfc062723c751e8b465ee728b)
Start importing Assets/Unity Store Downloads/RPGPP_LT/Prefabs/Structures/Buildings/Bld_closed using Guid(361af5be93a94d047835c7a3fc2e0f08) Importer(815301076,1909f56bfc062723c751e8b465ee728b)  -> (artifact id: 'da5a03c96011669ce369d8b8b06495aa') in 0.000467 seconds
Number of updated asset objects reloaded before import = 0
Number of asset objects unloaded after import = 0
========================================================================
Received Import Request.
  Time since last request: 0.031552 seconds.
  path: Assets/Unity Store Downloads/RPGPP_LT/Prefabs/Structures/Buildings/Bld_closed/rpgpp_lt_building_01.prefab
  artifactKey: Guid(cd87e5026d1695148aabe96121c526ef) Importer(815301076,1909f56bfc062723c751e8b465ee728b)
Start importing Assets/Unity Store Downloads/RPGPP_LT/Prefabs/Structures/Buildings/Bld_closed/rpgpp_lt_building_01.prefab using Guid(cd87e5026d1695148aabe96121c526ef) Importer(815301076,1909f56bfc062723c751e8b465ee728b)  -> (artifact id: 'd3c32dee76bc5df992204b1207cf0e1c') in 0.018622 seconds
Number of updated asset objects reloaded before import = 0
Number of asset objects unloaded after import = 9
========================================================================
Received Import Request.
  Time since last request: 0.000015 seconds.
  path: Assets/Unity Store Downloads/RPGPP_LT/Prefabs/Structures/Buildings/Bld_closed/rpgpp_lt_building_05.prefab
  artifactKey: Guid(386f40ad68cdd3c4fbcb471ef2d93772) Importer(815301076,1909f56bfc062723c751e8b465ee728b)
Start importing Assets/Unity Store Downloads/RPGPP_LT/Prefabs/Structures/Buildings/Bld_closed/rpgpp_lt_building_05.prefab using Guid(386f40ad68cdd3c4fbcb471ef2d93772) Importer(815301076,1909f56bfc062723c751e8b465ee728b)  -> (artifact id: '1d22c8295aa5ef706abbb6b623a33c6a') in 0.018939 seconds
Number of updated asset objects reloaded before import = 0
Number of asset objects unloaded after import = 9
========================================================================
Received Import Request.
  Time since last request: 19.783368 seconds.
  path: Assets/Unity Store Downloads/RPG Tiny Hero Duo/Animation/SwordAndShield/Attack01_SwordAndShiled.fbx
  artifactKey: Guid(db509ad77f9b4f84a8eb1989f589b24c) Importer(815301076,1909f56bfc062723c751e8b465ee728b)
Start importing Assets/Unity Store Downloads/RPG Tiny Hero Duo/Animation/SwordAndShield/Attack01_SwordAndShiled.fbx using Guid(db509ad77f9b4f84a8eb1989f589b24c) Importer(815301076,1909f56bfc062723c751e8b465ee728b)  -> (artifact id: '83f8ad7e79916331e4fdad1b68275af8') in 0.082551 seconds
Number of updated asset objects reloaded before import = 0
Number of asset objects unloaded after import = 111
========================================================================
Received Import Request.
  Time since last request: 0.000018 seconds.
  path: Assets/Unity Store Downloads/RPG Tiny Hero Duo/Animation/SwordAndShield/Die01_Stay_SwordAndShield.fbx
  artifactKey: Guid(0e112f1584fcccd4face09e3b7156832) Importer(815301076,1909f56bfc062723c751e8b465ee728b)
Start importing Assets/Unity Store Downloads/RPG Tiny Hero Duo/Animation/SwordAndShield/Die01_Stay_SwordAndShield.fbx using Guid(0e112f1584fcccd4face09e3b7156832) Importer(815301076,1909f56bfc062723c751e8b465ee728b)  -> (artifact id: '6e1fa85f13b8c9935b153e8917786fad') in 0.073938 seconds
Number of updated asset objects reloaded before import = 0
Number of asset objects unloaded after import = 111
========================================================================
Received Import Request.
  Time since last request: 0.000023 seconds.
  path: Assets/Unity Store Downloads/RPG Tiny Hero Duo/Animation/SwordAndShield/Attack04_SwordAndShiled.fbx
  artifactKey: Guid(b267a2c210dbd1d4badc3f270df6d12d) Importer(815301076,1909f56bfc062723c751e8b465ee728b)
Start importing Assets/Unity Store Downloads/RPG Tiny Hero Duo/Animation/SwordAndShield/Attack04_SwordAndShiled.fbx using Guid(b267a2c210dbd1d4badc3f270df6d12d) Importer(815301076,1909f56bfc062723c751e8b465ee728b)  -> (artifact id: 'b8835682b39e14717361e121fb69378e') in 0.049196 seconds
Number of updated asset objects reloaded before import = 0
Number of asset objects unloaded after import = 111
========================================================================
Received Import Request.
  Time since last request: 0.000018 seconds.
  path: Assets/Unity Store Downloads/SimpleNaturePack/Models/Ground_02.fbx
  artifactKey: Guid(57d3eed6d2253d24994d5ad37e00aedc) Importer(815301076,1909f56bfc062723c751e8b465ee728b)
Start importing Assets/Unity Store Downloads/SimpleNaturePack/Models/Ground_02.fbx using Guid(57d3eed6d2253d24994d5ad37e00aedc) Importer(815301076,1909f56bfc062723c751e8b465ee728b)  -> (artifact id: '77fb377cc64b3687d17527023dce935d') in 0.016137 seconds
Number of updated asset objects reloaded before import = 0
Number of asset objects unloaded after import = 7
========================================================================
Received Import Request.
  Time since last request: 0.000015 seconds.
  path: Assets/Unity Store Downloads/LowPolyFarmLite/Models/Cabbage_01.fbx
  artifactKey: Guid(0f50786d35eebcf44805f9d5fb326c11) Importer(815301076,1909f56bfc062723c751e8b465ee728b)
Start importing Assets/Unity Store Downloads/LowPolyFarmLite/Models/Cabbage_01.fbx using Guid(0f50786d35eebcf44805f9d5fb326c11) Importer(815301076,1909f56bfc062723c751e8b465ee728b)  -> (artifact id: '06741424e3d56570d8d8b81c694da283') in 0.023175 seconds
Number of updated asset objects reloaded before import = 0
Number of asset objects unloaded after import = 15
========================================================================
Received Import Request.
  Time since last request: 0.000020 seconds.
  path: Assets/Unity Store Downloads/SimpleNaturePack/Models/Ground_03.fbx
  artifactKey: Guid(661464e19c087564badb2bf5230c842c) Importer(815301076,1909f56bfc062723c751e8b465ee728b)
Start importing Assets/Unity Store Downloads/SimpleNaturePack/Models/Ground_03.fbx using Guid(661464e19c087564badb2bf5230c842c) Importer(815301076,1909f56bfc062723c751e8b465ee728b)  -> (artifact id: 'f68bf1fb5660d8fc37dbad1a843ab571') in 0.014574 seconds
Number of updated asset objects reloaded before import = 0
Number of asset objects unloaded after import = 7
========================================================================
Received Import Request.
  Time since last request: 0.000016 seconds.
  path: Assets/Unity Store Downloads/RPG Tiny Hero Duo/Animation/SwordAndShield/Defend_SwordAndShield.fbx
  artifactKey: Guid(61f2c64d4f97d9f459a1d367eb16fb13) Importer(815301076,1909f56bfc062723c751e8b465ee728b)
Start importing Assets/Unity Store Downloads/RPG Tiny Hero Duo/Animation/SwordAndShield/Defend_SwordAndShield.fbx using Guid(61f2c64d4f97d9f459a1d367eb16fb13) Importer(815301076,1909f56bfc062723c751e8b465ee728b)  -> (artifact id: '4d2907d23fd4f9aa55a24a1ff19437c9') in 0.053176 seconds
Number of updated asset objects reloaded before import = 0
Number of asset objects unloaded after import = 111
========================================================================
Received Import Request.
  Time since last request: 0.000017 seconds.
  path: Assets/Unity Store Downloads/SimpleNaturePack/Models/Ground_01.fbx
  artifactKey: Guid(d4ad967689295ba4eaf8baeaebc8721b) Importer(815301076,1909f56bfc062723c751e8b465ee728b)
Start importing Assets/Unity Store Downloads/SimpleNaturePack/Models/Ground_01.fbx using Guid(d4ad967689295ba4eaf8baeaebc8721b) Importer(815301076,1909f56bfc062723c751e8b465ee728b)  -> (artifact id: '92c9da5c7f4eff1fc4376ae1559cfd11') in 0.015867 seconds
Number of updated asset objects reloaded before import = 0
Number of asset objects unloaded after import = 7
========================================================================
Received Import Request.
  Time since last request: 8.967006 seconds.
  path: Assets/Unity Store Downloads/RPGPP_LT/Prefabs/Structures/Parts
  artifactKey: Guid(5b7738eafaaea9f4ca3069d3dfbee10a) Importer(815301076,1909f56bfc062723c751e8b465ee728b)
Start importing Assets/Unity Store Downloads/RPGPP_LT/Prefabs/Structures/Parts using Guid(5b7738eafaaea9f4ca3069d3dfbee10a) Importer(815301076,1909f56bfc062723c751e8b465ee728b)  -> (artifact id: '42e08d263ceb3c335bf823601442b247') in 0.000438 seconds
Number of updated asset objects reloaded before import = 0
Number of asset objects unloaded after import = 0
========================================================================
Received Import Request.
  Time since last request: 0.590553 seconds.
  path: Assets/Unity Store Downloads/RPGPP_LT/Prefabs/Structures/Parts/Wood_path
  artifactKey: Guid(922a8b08dfab11944b459f549979fcaa) Importer(815301076,1909f56bfc062723c751e8b465ee728b)
Start importing Assets/Unity Store Downloads/RPGPP_LT/Prefabs/Structures/Parts/Wood_path using Guid(922a8b08dfab11944b459f549979fcaa) Importer(815301076,1909f56bfc062723c751e8b465ee728b)  -> (artifact id: '97892ae2ee2ccfe2dfe848dea8912f09') in 0.000376 seconds
Number of updated asset objects reloaded before import = 0
Number of asset objects unloaded after import = 0
========================================================================
Received Import Request.
  Time since last request: 0.103036 seconds.
  path: Assets/Unity Store Downloads/RPGPP_LT/Prefabs/Structures/Parts/Wood_path/rpgpp_lt_wood_path_01a.prefab
  artifactKey: Guid(c96016c34e7be62488e588470988ef5b) Importer(815301076,1909f56bfc062723c751e8b465ee728b)
Start importing Assets/Unity Store Downloads/RPGPP_LT/Prefabs/Structures/Parts/Wood_path/rpgpp_lt_wood_path_01a.prefab using Guid(c96016c34e7be62488e588470988ef5b) Importer(815301076,1909f56bfc062723c751e8b465ee728b)  -> (artifact id: '3feacd1ba2d34d41a53e3bbe796ae12c') in 0.016161 seconds
Number of updated asset objects reloaded before import = 0
Number of asset objects unloaded after import = 9
========================================================================
Received Import Request.
  Time since last request: 21.532218 seconds.
  path: Assets/Unity Store Downloads/RPGPP_LT/Prefabs/Nature/Terrain
  artifactKey: Guid(35a14bf03a52c0542aac7ef0d955d918) Importer(815301076,1909f56bfc062723c751e8b465ee728b)
Start importing Assets/Unity Store Downloads/RPGPP_LT/Prefabs/Nature/Terrain using Guid(35a14bf03a52c0542aac7ef0d955d918) Importer(815301076,1909f56bfc062723c751e8b465ee728b)  -> (artifact id: '8621557db29f4fbd0f771dcc3e781db9') in 0.000420 seconds
Number of updated asset objects reloaded before import = 0
Number of asset objects unloaded after import = 0
========================================================================
Received Import Request.
  Time since last request: 0.077667 seconds.
  path: Assets/Unity Store Downloads/RPGPP_LT/Prefabs/Nature/Terrain/rpgpp_lt_hill_small_01.prefab
  artifactKey: Guid(5c9211eb71cff4f4996a21d92317f601) Importer(815301076,1909f56bfc062723c751e8b465ee728b)
Start importing Assets/Unity Store Downloads/RPGPP_LT/Prefabs/Nature/Terrain/rpgpp_lt_hill_small_01.prefab using Guid(5c9211eb71cff4f4996a21d92317f601) Importer(815301076,1909f56bfc062723c751e8b465ee728b)  -> (artifact id: 'a2221da0345be6f52c5f29b62f4abdd7') in 0.014764 seconds
Number of updated asset objects reloaded before import = 0
Number of asset objects unloaded after import = 9
========================================================================
Received Import Request.
  Time since last request: 0.000014 seconds.
  path: Assets/Unity Store Downloads/RPGPP_LT/Prefabs/Nature/Terrain/rpgpp_lt_terrain_grass_02.prefab
  artifactKey: Guid(68cbfa1438162b243ac02fb9e3e30581) Importer(815301076,1909f56bfc062723c751e8b465ee728b)
Start importing Assets/Unity Store Downloads/RPGPP_LT/Prefabs/Nature/Terrain/rpgpp_lt_terrain_grass_02.prefab using Guid(68cbfa1438162b243ac02fb9e3e30581) Importer(815301076,1909f56bfc062723c751e8b465ee728b)  -> (artifact id: '23665d307850d040671019f77ae23f2c') in 0.019942 seconds
Number of updated asset objects reloaded before import = 0
Number of asset objects unloaded after import = 9
========================================================================
Received Import Request.
  Time since last request: 16.122731 seconds.
  path: Assets/Unity Store Downloads/LowPolyFarmLite/Materials/LowPolyFarmLite_MAIN.mat
  artifactKey: Guid(382e2b1b7fbf94945963320a17603c7c) Importer(815301076,1909f56bfc062723c751e8b465ee728b)
Start importing Assets/Unity Store Downloads/LowPolyFarmLite/Materials/LowPolyFarmLite_MAIN.mat using Guid(382e2b1b7fbf94945963320a17603c7c) Importer(815301076,1909f56bfc062723c751e8b465ee728b)  -> (artifact id: '82bbcac4b3129464fde49388fbe4e977') in 0.030630 seconds
Number of updated asset objects reloaded before import = 0
Number of asset objects unloaded after import = 2
========================================================================
Received Import Request.
  Time since last request: 0.978855 seconds.
  path: Assets/Unity Store Downloads/LowPolyFarmLite/Models/Mud_01.fbx
  artifactKey: Guid(aaff327437b0be14f9c6d1be9b411708) Importer(815301076,1909f56bfc062723c751e8b465ee728b)
Start importing Assets/Unity Store Downloads/LowPolyFarmLite/Models/Mud_01.fbx using Guid(aaff327437b0be14f9c6d1be9b411708) Importer(815301076,1909f56bfc062723c751e8b465ee728b)  -> (artifact id: 'b8349dc78c69165a020957e99f9ce11d') in 0.036721 seconds
Number of updated asset objects reloaded before import = 0
Number of asset objects unloaded after import = 7
========================================================================
Received Import Request.
  Time since last request: 0.000013 seconds.
  path: Assets/Unity Store Downloads/LowPolyFarmLite/Models/Tree_04.fbx
  artifactKey: Guid(1a2e91ebc86d2c84ca817eb30abe86d4) Importer(815301076,1909f56bfc062723c751e8b465ee728b)
Start importing Assets/Unity Store Downloads/LowPolyFarmLite/Models/Tree_04.fbx using Guid(1a2e91ebc86d2c84ca817eb30abe86d4) Importer(815301076,1909f56bfc062723c751e8b465ee728b)  -> (artifact id: 'fa9700b20b4270373d41e6a461c47659') in 0.140109 seconds
Number of updated asset objects reloaded before import = 0
Number of asset objects unloaded after import = 7
Editor requested this worker to shutdown with reason: Scaling down because of idle timeout
TcpMessagingSession - receive error: operation aborted. errorcode: 995, details: The I/O operation has been aborted because of either a thread exit or an application request.
AssetImportWorker is now disconnected from the server
Process exiting
Exiting without the bug reporter. Application will terminate with return code 0