Using pre-set license
Built from '2021.3/staging' branch; Version is '2021.3.21f1 (1b156197d683) revision 1774945'; Using compiler version '192829333'; Build Type 'Release'
OS: 'Windows 11  (10.0.22621) 64bit Professional' Language: 'en' Physical Memory: 16085 MB
BatchMode: 1, IsHumanControllingUs: 0, StartBugReporterOnCrash: 0, Is64bit: 1, IsPro: 1

COMMAND LINE ARGUMENTS:
C:\Program Files\Unity 2021.3.21f1\Editor\Unity.exe
-adb2
-batchMode
-noUpm
-name
AssetImportWorker6
-projectPath
C:/Users/ashty/Documents/FantasyHarvest/Fantasy Harvest
-logFile
Logs/AssetImportWorker6.log
-srvPort
61684
Successfully changed project path to: C:/Users/ashty/Documents/FantasyHarvest/Fantasy Harvest
C:/Users/ashty/Documents/FantasyHarvest/Fantasy Harvest
[UnityMemory] Configuration Parameters - Can be set up in boot.config
    "memorysetup-bucket-allocator-granularity=16"
    "memorysetup-bucket-allocator-bucket-count=8"
    "memorysetup-bucket-allocator-block-size=33554432"
    "memorysetup-bucket-allocator-block-count=8"
    "memorysetup-main-allocator-block-size=16777216"
    "memorysetup-thread-allocator-block-size=16777216"
    "memorysetup-gfx-main-allocator-block-size=16777216"
    "memorysetup-gfx-thread-allocator-block-size=16777216"
    "memorysetup-cache-allocator-block-size=4194304"
    "memorysetup-typetree-allocator-block-size=2097152"
    "memorysetup-profiler-bucket-allocator-granularity=16"
    "memorysetup-profiler-bucket-allocator-bucket-count=8"
    "memorysetup-profiler-bucket-allocator-block-size=33554432"
    "memorysetup-profiler-bucket-allocator-block-count=8"
    "memorysetup-profiler-allocator-block-size=16777216"
    "memorysetup-profiler-editor-allocator-block-size=1048576"
    "memorysetup-temp-allocator-size-main=16777216"
    "memorysetup-job-temp-allocator-block-size=2097152"
    "memorysetup-job-temp-allocator-block-size-background=1048576"
    "memorysetup-job-temp-allocator-reduction-small-platforms=262144"
    "memorysetup-temp-allocator-size-background-worker=32768"
    "memorysetup-temp-allocator-size-job-worker=262144"
    "memorysetup-temp-allocator-size-preload-manager=33554432"
    "memorysetup-temp-allocator-size-nav-mesh-worker=65536"
    "memorysetup-temp-allocator-size-audio-worker=65536"
    "memorysetup-temp-allocator-size-cloud-worker=32768"
    "memorysetup-temp-allocator-size-gi-baking-worker=262144"
    "memorysetup-temp-allocator-size-gfx=262144"
Player connection [14120] Host "[IP] 192.168.164.17 [Port] 0 [Flags] 2 [Guid] 3831905243 [EditorId] 3831905243 [Version] 1048832 [Id] WindowsEditor(7,MSI) [Debug] 1 [PackageName] WindowsEditor [ProjectName] Editor" joined multi-casting on [225.0.0.222:54997]...

Player connection [14120] Host "[IP] 192.168.164.17 [Port] 0 [Flags] 2 [Guid] 3831905243 [EditorId] 3831905243 [Version] 1048832 [Id] WindowsEditor(7,MSI) [Debug] 1 [PackageName] WindowsEditor [ProjectName] Editor" joined alternative multi-casting on [225.0.0.222:34997]...

Refreshing native plugins compatible for Editor in 69.25 ms, found 3 plugins.
Preloading 0 native plugins for Editor in 0.00 ms.
Initialize engine version: 2021.3.21f1 (1b156197d683)
[Subsystems] Discovering subsystems at path C:/Program Files/Unity 2021.3.21f1/Editor/Data/Resources/UnitySubsystems
[Subsystems] Discovering subsystems at path C:/Users/ashty/Documents/FantasyHarvest/Fantasy Harvest/Assets
GfxDevice: creating device client; threaded=0; jobified=0
Direct3D:
    Version:  Direct3D 11.0 [level 11.1]
    Renderer: NVIDIA GeForce RTX 3080 Laptop GPU (ID=0x249c)
    Vendor:   NVIDIA
    VRAM:     16202 MB
    Driver:   30.0.14.7288
Initialize mono
Mono path[0] = 'C:/Program Files/Unity 2021.3.21f1/Editor/Data/Managed'
Mono path[1] = 'C:/Program Files/Unity 2021.3.21f1/Editor/Data/MonoBleedingEdge/lib/mono/unityjit-win32'
Mono config path = 'C:/Program Files/Unity 2021.3.21f1/Editor/Data/MonoBleedingEdge/etc'
Using monoOptions --debugger-agent=transport=dt_socket,embedding=1,server=y,suspend=n,address=127.0.0.1:56052
Begin MonoManager ReloadAssembly
Registering precompiled unity dll's ...
Register platform support module: C:/Program Files/Unity 2021.3.21f1/Editor/Data/PlaybackEngines/WindowsStandaloneSupport/UnityEditor.WindowsStandalone.Extensions.dll
Registered in 0.004030 seconds.
Native extension for WindowsStandalone target not found
Refreshing native plugins compatible for Editor in 62.15 ms, found 3 plugins.
Preloading 0 native plugins for Editor in 0.00 ms.
Mono: successfully reloaded assembly
- Completed reload, in  0.521 seconds
Domain Reload Profiling:
	ReloadAssembly (521ms)
		BeginReloadAssembly (71ms)
			ExecutionOrderSort (0ms)
			DisableScriptedObjects (0ms)
			BackupInstance (0ms)
			ReleaseScriptingObjects (0ms)
			CreateAndSetChildDomain (1ms)
		EndReloadAssembly (373ms)
			LoadAssemblies (68ms)
			RebuildTransferFunctionScriptingTraits (0ms)
			SetupTypeCache (81ms)
			ReleaseScriptCaches (0ms)
			RebuildScriptCaches (23ms)
			SetupLoadedEditorAssemblies (228ms)
				LogAssemblyErrors (0ms)
				InitializePlatformSupportModulesInManaged (6ms)
				SetLoadedEditorAssemblies (0ms)
				RefreshPlugins (62ms)
				BeforeProcessingInitializeOnLoad (1ms)
				ProcessInitializeOnLoadAttributes (108ms)
				ProcessInitializeOnLoadMethodAttributes (50ms)
				AfterProcessingInitializeOnLoad (0ms)
				EditorAssembliesLoaded (0ms)
			ExecutionOrderSort2 (0ms)
			AwakeInstancesAfterBackupRestoration (0ms)
Platform modules already initialized, skipping
Registering precompiled user dll's ...
Registered in 0.004950 seconds.
Begin MonoManager ReloadAssembly
Symbol file LoadedFromMemory doesn't match image C:\Users\ashty\Documents\FantasyHarvest\Fantasy Harvest\Library\PackageCache\com.unity.visualscripting@1.8.0\Editor\VisualScripting.Core\Dependencies\YamlDotNet\Unity.VisualScripting.YamlDotNet.dll
Symbol file LoadedFromMemory doesn't match image C:\Users\ashty\Documents\FantasyHarvest\Fantasy Harvest\Library\PackageCache\com.unity.visualscripting@1.8.0\Editor\VisualScripting.Core\Dependencies\DotNetZip\Unity.VisualScripting.IonicZip.dll
Native extension for WindowsStandalone target not found
Refreshing native plugins compatible for Editor in 0.48 ms, found 3 plugins.
Preloading 0 native plugins for Editor in 0.00 ms.
Mono: successfully reloaded assembly
- Completed reload, in  0.793 seconds
Domain Reload Profiling:
	ReloadAssembly (794ms)
		BeginReloadAssembly (100ms)
			ExecutionOrderSort (0ms)
			DisableScriptedObjects (5ms)
			BackupInstance (0ms)
			ReleaseScriptingObjects (0ms)
			CreateAndSetChildDomain (18ms)
		EndReloadAssembly (612ms)
			LoadAssemblies (74ms)
			RebuildTransferFunctionScriptingTraits (0ms)
			SetupTypeCache (199ms)
			ReleaseScriptCaches (1ms)
			RebuildScriptCaches (41ms)
			SetupLoadedEditorAssemblies (277ms)
				LogAssemblyErrors (0ms)
				InitializePlatformSupportModulesInManaged (4ms)
				SetLoadedEditorAssemblies (0ms)
				RefreshPlugins (1ms)
				BeforeProcessingInitializeOnLoad (68ms)
				ProcessInitializeOnLoadAttributes (180ms)
				ProcessInitializeOnLoadMethodAttributes (15ms)
				AfterProcessingInitializeOnLoad (8ms)
				EditorAssembliesLoaded (0ms)
			ExecutionOrderSort2 (0ms)
			AwakeInstancesAfterBackupRestoration (6ms)
Platform modules already initialized, skipping
========================================================================
Worker process is ready to serve import requests
Launched and connected shader compiler UnityShaderCompiler.exe after 0.05 seconds
Refreshing native plugins compatible for Editor in 0.56 ms, found 3 plugins.
Preloading 0 native plugins for Editor in 0.00 ms.
Unloading 3047 Unused Serialized files (Serialized files now loaded: 0)
Unloading 24 unused Assets / (113.4 KB). Loaded Objects now: 3508.
Memory consumption went from 107.7 MB to 107.6 MB.
Total: 2.865400 ms (FindLiveObjects: 0.224100 ms CreateObjectMapping: 0.071800 ms MarkObjects: 2.449900 ms  DeleteObjects: 0.118300 ms)

AssetImportParameters requested are different than current active one (requested -> active):
  custom:video-decoder-ogg-theora: a1e56fd34408186e4bbccfd4996cb3dc -> 
  custom:container-muxer-webm: aa71ff27fc2769a1b78a27578f13a17b -> 
  custom:container-demuxer-webm: 4f35f7cbe854078d1ac9338744f61a02 -> 
  custom:video-encoder-webm-vp8: eb34c28f22e8b96e1ab97ce403110664 -> 
  custom:audio-encoder-webm-vorbis: bf7c407c2cedff20999df2af8eb42d56 -> 
  custom:framework-win-MediaFoundation: 216162199b28c13a410421893ffa2e32 -> 
  custom:container-demuxer-ogg: 62fdf1f143b41e24485cea50d1cbac27 -> 
  custom:video-decoder-webm-vp8: 9c59270c3fd7afecdb556c50c9e8de78 -> 
  custom:audio-decoder-ogg-vorbis: bf7c407c2cedff20999df2af8eb42d56 -> 
========================================================================
Received Prepare
Registering precompiled user dll's ...
Registered in 0.004942 seconds.
Begin MonoManager ReloadAssembly
Symbol file LoadedFromMemory doesn't match image C:\Users\ashty\Documents\FantasyHarvest\Fantasy Harvest\Library\PackageCache\com.unity.visualscripting@1.8.0\Editor\VisualScripting.Core\Dependencies\YamlDotNet\Unity.VisualScripting.YamlDotNet.dll
Symbol file LoadedFromMemory doesn't match image C:\Users\ashty\Documents\FantasyHarvest\Fantasy Harvest\Library\PackageCache\com.unity.visualscripting@1.8.0\Editor\VisualScripting.Core\Dependencies\DotNetZip\Unity.VisualScripting.IonicZip.dll
Native extension for WindowsStandalone target not found
Refreshing native plugins compatible for Editor in 0.51 ms, found 3 plugins.
Preloading 0 native plugins for Editor in 0.00 ms.
Mono: successfully reloaded assembly
- Completed reload, in  0.842 seconds
Domain Reload Profiling:
	ReloadAssembly (842ms)
		BeginReloadAssembly (123ms)
			ExecutionOrderSort (0ms)
			DisableScriptedObjects (5ms)
			BackupInstance (0ms)
			ReleaseScriptingObjects (0ms)
			CreateAndSetChildDomain (32ms)
		EndReloadAssembly (643ms)
			LoadAssemblies (75ms)
			RebuildTransferFunctionScriptingTraits (0ms)
			SetupTypeCache (214ms)
			ReleaseScriptCaches (1ms)
			RebuildScriptCaches (45ms)
			SetupLoadedEditorAssemblies (265ms)
				LogAssemblyErrors (0ms)
				InitializePlatformSupportModulesInManaged (5ms)
				SetLoadedEditorAssemblies (1ms)
				RefreshPlugins (1ms)
				BeforeProcessingInitializeOnLoad (58ms)
				ProcessInitializeOnLoadAttributes (177ms)
				ProcessInitializeOnLoadMethodAttributes (16ms)
				AfterProcessingInitializeOnLoad (7ms)
				EditorAssembliesLoaded (0ms)
			ExecutionOrderSort2 (0ms)
			AwakeInstancesAfterBackupRestoration (6ms)
Platform modules already initialized, skipping
Refreshing native plugins compatible for Editor in 1.57 ms, found 3 plugins.
Preloading 0 native plugins for Editor in 0.00 ms.
Unloading 3042 Unused Serialized files (Serialized files now loaded: 0)
Unloading 17 unused Assets / (79.8 KB). Loaded Objects now: 3511.
Memory consumption went from 107.6 MB to 107.5 MB.
Total: 2.320100 ms (FindLiveObjects: 0.222200 ms CreateObjectMapping: 0.069900 ms MarkObjects: 1.928000 ms  DeleteObjects: 0.098700 ms)

AssetImportParameters requested are different than current active one (requested -> active):
  custom:video-decoder-ogg-theora: a1e56fd34408186e4bbccfd4996cb3dc -> 
  custom:container-muxer-webm: aa71ff27fc2769a1b78a27578f13a17b -> 
  custom:container-demuxer-webm: 4f35f7cbe854078d1ac9338744f61a02 -> 
  custom:video-encoder-webm-vp8: eb34c28f22e8b96e1ab97ce403110664 -> 
  custom:audio-encoder-webm-vorbis: bf7c407c2cedff20999df2af8eb42d56 -> 
  custom:framework-win-MediaFoundation: 216162199b28c13a410421893ffa2e32 -> 
  custom:container-demuxer-ogg: 62fdf1f143b41e24485cea50d1cbac27 -> 
  custom:video-decoder-webm-vp8: 9c59270c3fd7afecdb556c50c9e8de78 -> 
  custom:audio-decoder-ogg-vorbis: bf7c407c2cedff20999df2af8eb42d56 -> 
========================================================================
Received Import Request.
  Time since last request: 62540.361283 seconds.
  path: Assets/Unity Store Downloads/LowPolyFarmLite/Materials/LowPolyFarmLite_MAIN.mat
  artifactKey: Guid(382e2b1b7fbf94945963320a17603c7c) Importer(815301076,1909f56bfc062723c751e8b465ee728b)
Start importing Assets/Unity Store Downloads/LowPolyFarmLite/Materials/LowPolyFarmLite_MAIN.mat using Guid(382e2b1b7fbf94945963320a17603c7c) Importer(815301076,1909f56bfc062723c751e8b465ee728b)  -> (artifact id: 'c4baaa46105e609f238af5a29136777c') in 0.111456 seconds 
========================================================================
Received Import Request.
  Time since last request: 3.290577 seconds.
  path: Assets/Unity Store Downloads/LowPolyFarmLite/Prefabs/Box_01.prefab
  artifactKey: Guid(d26dc1241d332c342b898a57f1164932) Importer(815301076,1909f56bfc062723c751e8b465ee728b)
Start importing Assets/Unity Store Downloads/LowPolyFarmLite/Prefabs/Box_01.prefab using Guid(d26dc1241d332c342b898a57f1164932) Importer(815301076,1909f56bfc062723c751e8b465ee728b)  -> (artifact id: '50cbe0349812ef86d80a6100c5c03224') in 0.028053 seconds 
========================================================================
Received Import Request.
  Time since last request: 0.000339 seconds.
  path: Assets/Unity Store Downloads/LowPolyFarmLite/Prefabs/Fence_01.prefab
  artifactKey: Guid(cb422acdc199d6e42910f589b81c283b) Importer(815301076,1909f56bfc062723c751e8b465ee728b)
Start importing Assets/Unity Store Downloads/LowPolyFarmLite/Prefabs/Fence_01.prefab using Guid(cb422acdc199d6e42910f589b81c283b) Importer(815301076,1909f56bfc062723c751e8b465ee728b)  -> (artifact id: 'aba15fa9081ec3396918e6cf8d81ef72') in 0.017838 seconds 
========================================================================
Received Import Request.
  Time since last request: 0.000023 seconds.
  path: Assets/Unity Store Downloads/LowPolyFarmLite/Prefabs/TomatoPlant_01.prefab
  artifactKey: Guid(78da2ace1ab76ce478600ebe37fa10fe) Importer(815301076,1909f56bfc062723c751e8b465ee728b)
Start importing Assets/Unity Store Downloads/LowPolyFarmLite/Prefabs/TomatoPlant_01.prefab using Guid(78da2ace1ab76ce478600ebe37fa10fe) Importer(815301076,1909f56bfc062723c751e8b465ee728b)  -> (artifact id: '9cbea3b726c49ca204ceb8c9729eec19') in 0.021618 seconds 
========================================================================
Received Import Request.
  Time since last request: 0.000019 seconds.
  path: Assets/Unity Store Downloads/LowPolyFarmLite/Prefabs/Tree_04.prefab
  artifactKey: Guid(bae468b3a6b9ea141967f3cfbe601352) Importer(815301076,1909f56bfc062723c751e8b465ee728b)
Start importing Assets/Unity Store Downloads/LowPolyFarmLite/Prefabs/Tree_04.prefab using Guid(bae468b3a6b9ea141967f3cfbe601352) Importer(815301076,1909f56bfc062723c751e8b465ee728b)  -> (artifact id: '1cffaf47602b41a4c4933e7157e3ba0f') in 0.019506 seconds 
========================================================================
Received Import Request.
  Time since last request: 0.000024 seconds.
  path: Assets/Unity Store Downloads/LowPolyFarmLite/Prefabs/Grass_02.prefab
  artifactKey: Guid(81dad7d5552c9a341b390c79338fe0a4) Importer(815301076,1909f56bfc062723c751e8b465ee728b)
Start importing Assets/Unity Store Downloads/LowPolyFarmLite/Prefabs/Grass_02.prefab using Guid(81dad7d5552c9a341b390c79338fe0a4) Importer(815301076,1909f56bfc062723c751e8b465ee728b)  -> (artifact id: 'e5334817d83cf92b3cbdc9e15e5915ab') in 0.015539 seconds 
========================================================================
Received Import Request.
  Time since last request: 0.000024 seconds.
  path: Assets/Unity Store Downloads/LowPolyFarmLite/Prefabs/Rock_04.prefab
  artifactKey: Guid(748ca274b89873247873cee26d353629) Importer(815301076,1909f56bfc062723c751e8b465ee728b)
Start importing Assets/Unity Store Downloads/LowPolyFarmLite/Prefabs/Rock_04.prefab using Guid(748ca274b89873247873cee26d353629) Importer(815301076,1909f56bfc062723c751e8b465ee728b)  -> (artifact id: 'd6d0cc2bd97176cea03144c4d451f575') in 0.014568 seconds 
========================================================================
Received Import Request.
  Time since last request: 0.000023 seconds.
  path: Assets/Unity Store Downloads/LowPolyFarmLite/Prefabs/Terrain_01.prefab
  artifactKey: Guid(7ddfa3a1d18174043aab251be6df3a0e) Importer(815301076,1909f56bfc062723c751e8b465ee728b)
Start importing Assets/Unity Store Downloads/LowPolyFarmLite/Prefabs/Terrain_01.prefab using Guid(7ddfa3a1d18174043aab251be6df3a0e) Importer(815301076,1909f56bfc062723c751e8b465ee728b)  -> (artifact id: 'b5e1fd0571856a1804120eb6c7d01894') in 0.015600 seconds 
========================================================================
Received Import Request.
  Time since last request: 0.000023 seconds.
  path: Assets/Unity Store Downloads/LowPolyFarmLite/Prefabs/Tomato_03.prefab
  artifactKey: Guid(fd8e0760db14a534a89257f68a4f2a8c) Importer(815301076,1909f56bfc062723c751e8b465ee728b)
Start importing Assets/Unity Store Downloads/LowPolyFarmLite/Prefabs/Tomato_03.prefab using Guid(fd8e0760db14a534a89257f68a4f2a8c) Importer(815301076,1909f56bfc062723c751e8b465ee728b)  -> (artifact id: 'd5ea71c7e3f6613d180a50e2b841be87') in 0.017007 seconds 
========================================================================
Received Import Request.
  Time since last request: 1.895748 seconds.
  path: Assets/Unity Store Downloads/LowPolyFarmLite/Textures/LowPolyFarmLite_Texture_01.png
  artifactKey: Guid(7bc9a4bafdf20d7409ec5c6155c56f4e) Importer(815301076,1909f56bfc062723c751e8b465ee728b)
Start importing Assets/Unity Store Downloads/LowPolyFarmLite/Textures/LowPolyFarmLite_Texture_01.png using Guid(7bc9a4bafdf20d7409ec5c6155c56f4e) Importer(815301076,1909f56bfc062723c751e8b465ee728b)  -> (artifact id: '2f0c3d46d80df3566f07f019ad6eaafb') in 0.051051 seconds 
========================================================================
Received Import Request.
  Time since last request: 46.672984 seconds.
  path: Assets/Unity Store Downloads/RPGPP_LT/Materials/rpgpp_lt_mat_a.mat
  artifactKey: Guid(58d53420af384224ea4cfee8973d18cb) Importer(815301076,1909f56bfc062723c751e8b465ee728b)
Start importing Assets/Unity Store Downloads/RPGPP_LT/Materials/rpgpp_lt_mat_a.mat using Guid(58d53420af384224ea4cfee8973d18cb) Importer(815301076,1909f56bfc062723c751e8b465ee728b)  -> (artifact id: '5fc9851afb6d63e9a53a6f4925b84d5c') in 0.027255 seconds 
Editor requested this worker to shutdown with reason: Scaling down because of idle timeout
AssetImportWorker is now disconnected from the server
Process exiting
Exiting without the bug reporter. Application will terminate with return code 0